<?xml version="1.0" encoding="UTF-8"?>
<!-- Generated by org.testng.reporters.JUnitReportReporter -->
<testsuite hostname="DESKTOP-QM44KM9" failures="0" tests="5" name="org.test.testpages.Logintest" time="7.292" errors="0" timestamp="2020-11-14T18:49:59 IST" skipped="0">
  <testcase classname="org.test.testpages.Logintest" name="titleChecktest" time="0.022"/>
  <system-out/>
  <testcase classname="org.test.testpages.Logintest" name="textdisptest" time="0.111"/>
  <system-out/>
  <testcase classname="org.test.testpages.Logintest" name="enterUsernametest" time="0.172"/>
  <system-out/>
  <testcase classname="org.test.testpages.Logintest" name="enterPasswordtest" time="0.178"/>
  <system-out/>
  <testcase classname="org.test.testpages.Logintest" name="clickLogintest" time="6.809"/>
  <system-out/>
</testsuite> <!-- org.test.testpages.Logintest -->
