<?xml version="1.0" encoding="UTF-8"?>
<!-- Generated by org.testng.reporters.JUnitReportReporter -->
<testsuite hostname="DESKTOP-QM44KM9" failures="0" tests="1" name="org.test.utils.Utils" time="1.059" errors="0" timestamp="2020-11-14T20:28:54 IST" skipped="0">
  <testcase classname="org.test.utils.Utils" name="getExcelData" time="1.059"/>
  <system-out/>
</testsuite> <!-- org.test.utils.Utils -->
