<?xml version="1.0" encoding="UTF-8"?>
<!-- Generated by org.testng.reporters.JUnitReportReporter -->
<testsuite hostname="DESKTOP-QM44KM9" failures="0" tests="1" name="org.test.testpages.Contacttest" time="51.446" errors="0" timestamp="2020-11-13T17:14:09 IST" skipped="0">
  <testcase classname="org.test.testpages.Contacttest" name="checknames" time="51.446"/>
  <system-out/>
</testsuite> <!-- org.test.testpages.Contacttest -->
