<?xml version="1.0" encoding="UTF-8"?>
<!-- Generated by org.testng.reporters.JUnitReportReporter -->
<testsuite hostname="DESKTOP-QM44KM9" failures="0" tests="4" name="org.test.testpages.Hometest" time="107.031" errors="0" timestamp="2020-11-13T16:41:30 IST" skipped="0">
  <testcase classname="org.test.testpages.Hometest" name="verifyTitletest" time="19.945"/>
  <system-out/>
  <testcase classname="org.test.testpages.Hometest" name="usernameDisptest" time="28.222"/>
  <system-out/>
  <testcase classname="org.test.testpages.Hometest" name="crmDisptest" time="24.381"/>
  <system-out/>
  <testcase classname="org.test.testpages.Hometest" name="clickContacttest" time="34.483"/>
  <system-out/>
</testsuite> <!-- org.test.testpages.Hometest -->
