<?xml version="1.0" encoding="UTF-8"?>
<!-- Generated by org.testng.reporters.JUnitReportReporter -->
<testsuite hostname="DESKTOP-QM44KM9" failures="0" tests="5" name="org.test.testpages.Logintest" time="6.550" errors="0" timestamp="2020-11-13T13:12:01 IST" skipped="0">
  <testcase classname="org.test.testpages.Logintest" name="titleChecktest" time="0.023"/>
  <system-out/>
  <testcase classname="org.test.testpages.Logintest" name="textdisptest" time="0.179"/>
  <system-out/>
  <testcase classname="org.test.testpages.Logintest" name="enterUsernametest" time="0.293"/>
  <system-out/>
  <testcase classname="org.test.testpages.Logintest" name="enterPasswordtest" time="0.150"/>
  <system-out/>
  <testcase classname="org.test.testpages.Logintest" name="clickLogintest" time="5.905"/>
  <system-out/>
</testsuite> <!-- org.test.testpages.Logintest -->
