<?xml version="1.0" encoding="UTF-8"?>
<!-- Generated by org.testng.reporters.JUnitReportReporter -->
<testsuite hostname="DESKTOP-QM44KM9" failures="0" tests="1" name="org.sel.first.Firstone" time="0.004" errors="0" timestamp="2020-11-10T19:59:23 IST" skipped="0">
  <testcase classname="org.sel.first.Firstone" name="firstone" time="0.004"/>
  <system-out/>
</testsuite> <!-- org.sel.first.Firstone -->
