<?xml version="1.0" encoding="UTF-8"?>
<!-- Generated by org.testng.reporters.JUnitReportReporter -->
<testsuite hostname="DESKTOP-QM44KM9" failures="0" tests="2" name="org.sel.first.First" time="0.014" errors="0" timestamp="2020-11-10T19:59:23 IST" skipped="0">
  <testcase classname="org.sel.first.First" name="getm" time="0.009"/>
  <system-out/>
  <testcase classname="org.sel.first.First" name="first" time="0.005"/>
  <system-out/>
</testsuite> <!-- org.sel.first.First -->
